# JRE version: Java(TM) SE Runtime Environment (8.0_25-b18) (build 1.8.0_25-b18)
# Java VM: Java HotSpot(TM) 64-Bit Server VM (25.25-b02 mixed mode windows-amd64 compressed oops)
Heap:
 PSYoungGen      total 4615680K, used 2228180K [0x000000063f700000, 0x0000000775e00000, 0x00000008bf600000)
  eden space 4185088K, 53% used [0x000000063f700000,0x00000006c76f5068,0x000000073ee00000)
  from space 430592K, 0% used [0x0000000759f80000,0x0000000759f80000,0x0000000774400000)
  to   space 443904K, 0% used [0x000000073ee00000,0x000000073ee00000,0x0000000759f80000)
 ParOldGen       total 1467392K, used 395826K [0x000000013f800000, 0x0000000199100000, 0x000000063f700000)
  object space 1467392K, 26% used [0x000000013f800000,0x0000000157a8c830,0x0000000199100000)
 Metaspace       used 24227K, capacity 24456K, committed 24624K, reserved 1071104K
  class space    used 2759K, capacity 2836K, committed 2864K, reserved 1048576K
GC Heap History (10 events):
Event: 29.571 GC heap before
{Heap before GC invocations=5 (full 0):
 PSYoungGen      total 1136640K, used 1136617K [0x000000063f700000, 0x000000068a200000, 0x00000008bf600000)
  eden space 1049600K, 100% used [0x000000063f700000,0x000000067f800000,0x000000067f800000)
  from space 87040K, 99% used [0x0000000684d00000,0x000000068a1fa718,0x000000068a200000)
  to   space 87040K, 0% used [0x000000067f800000,0x000000067f800000,0x0000000684d00000)
 ParOldGen       total 1398272K, used 532627K [0x000000013f800000, 0x0000000194d80000, 0x000000063f700000)
  object space 1398272K, 38% used [0x000000013f800000,0x0000000160024fc0,0x0000000194d80000)
 Metaspace       used 20566K, capacity 20712K, committed 20992K, reserved 1067008K
  class space    used 2486K, capacity 2538K, committed 2560K, reserved 1048576K
Event: 29.681 GC heap after
Heap after GC invocations=5 (full 0):
 PSYoungGen      total 1136640K, used 87033K [0x000000063f700000, 0x00000006fb500000, 0x00000008bf600000)
  eden space 1049600K, 0% used [0x000000063f700000,0x000000063f700000,0x000000067f800000)
  from space 87040K, 99% used [0x000000067f800000,0x0000000684cfe6e8,0x0000000684d00000)
  to   space 489472K, 0% used [0x00000006dd700000,0x00000006dd700000,0x00000006fb500000)
 ParOldGen       total 1398272K, used 591395K [0x000000013f800000, 0x0000000194d80000, 0x000000063f700000)
  object space 1398272K, 42% used [0x000000013f800000,0x0000000163988fc0,0x0000000194d80000)
 Metaspace       used 20566K, capacity 20712K, committed 20992K, reserved 1067008K
  class space    used 2486K, capacity 2538K, committed 2560K, reserved 1048576K
}
Event: 30.850 GC heap before
{Heap before GC invocations=6 (full 0):
 PSYoungGen      total 1136640K, used 1136633K [0x000000063f700000, 0x00000006fb500000, 0x00000008bf600000)
  eden space 1049600K, 100% used [0x000000063f700000,0x000000067f800000,0x000000067f800000)
  from space 87040K, 99% used [0x000000067f800000,0x0000000684cfe6e8,0x0000000684d00000)
  to   space 489472K, 0% used [0x00000006dd700000,0x00000006dd700000,0x00000006fb500000)
 ParOldGen       total 1398272K, used 591395K [0x000000013f800000, 0x0000000194d80000, 0x000000063f700000)
  object space 1398272K, 42% used [0x000000013f800000,0x0000000163988fc0,0x0000000194d80000)
 Metaspace       used 20662K, capacity 20776K, committed 20992K, reserved 1067008K
  class space    used 2489K, capacity 2538K, committed 2560K, reserved 1048576K
Event: 30.938 GC heap after
Heap after GC invocations=6 (full 0):
 PSYoungGen      total 2527232K, used 145385K [0x000000063f700000, 0x00000006f7900000, 0x00000008bf600000)
  eden space 2099200K, 0% used [0x000000063f700000,0x000000063f700000,0x00000006bf900000)
  from space 428032K, 33% used [0x00000006dd700000,0x00000006e64fa6f8,0x00000006f7900000)
  to   space 458752K, 0% used [0x00000006bf900000,0x00000006bf900000,0x00000006db900000)
 ParOldGen       total 1398272K, used 591403K [0x000000013f800000, 0x0000000194d80000, 0x000000063f700000)
  object space 1398272K, 42% used [0x000000013f800000,0x000000016398afc0,0x0000000194d80000)
 Metaspace       used 20662K, capacity 20776K, committed 20992K, reserved 1067008K
  class space    used 2489K, capacity 2538K, committed 2560K, reserved 1048576K
}
Event: 33.963 GC heap before
{Heap before GC invocations=7 (full 0):
 PSYoungGen      total 2527232K, used 2244585K [0x000000063f700000, 0x00000006f7900000, 0x00000008bf600000)
  eden space 2099200K, 100% used [0x000000063f700000,0x00000006bf900000,0x00000006bf900000)
  from space 428032K, 33% used [0x00000006dd700000,0x00000006e64fa6f8,0x00000006f7900000)
  to   space 458752K, 0% used [0x00000006bf900000,0x00000006bf900000,0x00000006db900000)
 ParOldGen       total 1398272K, used 591403K [0x000000013f800000, 0x0000000194d80000, 0x000000063f700000)
  object space 1398272K, 42% used [0x000000013f800000,0x000000016398afc0,0x0000000194d80000)
 Metaspace       used 20734K, capacity 20904K, committed 21248K, reserved 1069056K
  class space    used 2490K, capacity 2538K, committed 2560K, reserved 1048576K
Event: 34.248 GC heap after
Heap after GC invocations=7 (full 0):
 PSYoungGen      total 2557952K, used 212576K [0x000000063f700000, 0x0000000774400000, 0x00000008bf600000)
  eden space 2099200K, 0% used [0x000000063f700000,0x000000063f700000,0x00000006bf900000)
  from space 458752K, 46% used [0x00000006bf900000,0x00000006cc898010,0x00000006db900000)
  to   space 430592K, 0% used [0x0000000759f80000,0x0000000759f80000,0x0000000774400000)
 ParOldGen       total 1398272K, used 642722K [0x000000013f800000, 0x0000000194d80000, 0x000000063f700000)
  object space 1398272K, 45% used [0x000000013f800000,0x0000000166ba8838,0x0000000194d80000)
 Metaspace       used 20734K, capacity 20904K, committed 21248K, reserved 1069056K
  class space    used 2490K, capacity 2538K, committed 2560K, reserved 1048576K
}
Event: 38.296 GC heap before
{Heap before GC invocations=8 (full 0):
 PSYoungGen      total 2557952K, used 1948546K [0x000000063f700000, 0x0000000774400000, 0x00000008bf600000)
  eden space 2099200K, 82% used [0x000000063f700000,0x00000006a9648ba0,0x00000006bf900000)
  from space 458752K, 46% used [0x00000006bf900000,0x00000006cc898010,0x00000006db900000)
  to   space 430592K, 0% used [0x0000000759f80000,0x0000000759f80000,0x0000000774400000)
 ParOldGen       total 1398272K, used 642722K [0x000000013f800000, 0x0000000194d80000, 0x000000063f700000)
  object space 1398272K, 45% used [0x000000013f800000,0x0000000166ba8838,0x0000000194d80000)
 Metaspace       used 20969K, capacity 21128K, committed 21296K, reserved 1069056K
  class space    used 2519K, capacity 2570K, committed 2608K, reserved 1048576K
Event: 38.496 GC heap after
Heap after GC invocations=8 (full 0):
 PSYoungGen      total 4615680K, used 292455K [0x000000063f700000, 0x0000000775e00000, 0x00000008bf600000)
  eden space 4185088K, 0% used [0x000000063f700000,0x000000063f700000,0x000000073ee00000)
  from space 430592K, 67% used [0x0000000759f80000,0x000000076bd19c80,0x0000000774400000)
  to   space 443904K, 0% used [0x000000073ee00000,0x000000073ee00000,0x0000000759f80000)
 ParOldGen       total 1398272K, used 654866K [0x000000013f800000, 0x0000000194d80000, 0x000000063f700000)
  object space 1398272K, 46% used [0x000000013f800000,0x0000000167784838,0x0000000194d80000)
 Metaspace       used 20969K, capacity 21128K, committed 21296K, reserved 1069056K
  class space    used 2519K, capacity 2570K, committed 2608K, reserved 1048576K
}
Event: 38.496 GC heap before
{Heap before GC invocations=9 (full 1):
 PSYoungGen      total 4615680K, used 292455K [0x000000063f700000, 0x0000000775e00000, 0x00000008bf600000)
  eden space 4185088K, 0% used [0x000000063f700000,0x000000063f700000,0x000000073ee00000)
  from space 430592K, 67% used [0x0000000759f80000,0x000000076bd19c80,0x0000000774400000)
  to   space 443904K, 0% used [0x000000073ee00000,0x000000073ee00000,0x0000000759f80000)
 ParOldGen       total 1398272K, used 654866K [0x000000013f800000, 0x0000000194d80000, 0x000000063f700000)
  object space 1398272K, 46% used [0x000000013f800000,0x0000000167784838,0x0000000194d80000)
 Metaspace       used 20969K, capacity 21128K, committed 21296K, reserved 1069056K
  class space    used 2519K, capacity 2570K, committed 2608K, reserved 1048576K
Event: 40.419 GC heap after
Heap after GC invocations=9 (full 1):
 PSYoungGen      total 4615680K, used 0K [0x000000063f700000, 0x0000000775e00000, 0x00000008bf600000)
  eden space 4185088K, 0% used [0x000000063f700000,0x000000063f700000,0x000000073ee00000)
  from space 430592K, 0% used [0x0000000759f80000,0x0000000759f80000,0x0000000774400000)
  to   space 443904K, 0% used [0x000000073ee00000,0x000000073ee00000,0x0000000759f80000)
 ParOldGen       total 1467392K, used 395826K [0x000000013f800000, 0x0000000199100000, 0x000000063f700000)
  object space 1467392K, 26% used [0x000000013f800000,0x0000000157a8c830,0x0000000199100000)
 Metaspace       used 20968K, capacity 21126K, committed 21296K, reserved 1069056K
  class space    used 2518K, capacity 2569K, committed 2608K, reserved 1048576K
}

