# JRE version: Java(TM) SE Runtime Environment (8.0_25-b18) (build 1.8.0_25-b18)
# Java VM: Java HotSpot(TM) 64-Bit Server VM (25.25-b02 mixed mode windows-amd64 compressed oops)
Heap:
 PSYoungGen      total 611840K, used 47783K [0x000000063f700000, 0x000000066a180000, 0x00000008bf600000)
  eden space 524800K, 9% used [0x000000063f700000,0x00000006425a9cc8,0x000000065f780000)
  from space 87040K, 0% used [0x000000065f780000,0x000000065f780000,0x0000000664c80000)
  to   space 87040K, 0% used [0x0000000664c80000,0x0000000664c80000,0x000000066a180000)
 ParOldGen       total 562688K, used 37752K [0x000000013f800000, 0x0000000161d80000, 0x000000063f700000)
  object space 562688K, 6% used [0x000000013f800000,0x0000000141cde318,0x0000000161d80000)
 Metaspace       used 20894K, capacity 21074K, committed 21552K, reserved 1069056K
  class space    used 2520K, capacity 2571K, committed 2688K, reserved 1048576K
GC Heap History (4 events):
Event: 33.079 GC heap before
{Heap before GC invocations=1 (full 0):
 PSYoungGen      total 611840K, used 457337K [0x000000063f700000, 0x000000066a180000, 0x00000008bf600000)
  eden space 524800K, 87% used [0x000000063f700000,0x000000065b59e7e0,0x000000065f780000)
  from space 87040K, 0% used [0x0000000664c80000,0x0000000664c80000,0x000000066a180000)
  to   space 87040K, 0% used [0x000000065f780000,0x000000065f780000,0x0000000664c80000)
 ParOldGen       total 1398272K, used 0K [0x000000013f800000, 0x0000000194d80000, 0x000000063f700000)
  object space 1398272K, 0% used [0x000000013f800000,0x000000013f800000,0x0000000194d80000)
 Metaspace       used 20841K, capacity 21012K, committed 21296K, reserved 1069056K
  class space    used 2516K, capacity 2572K, committed 2688K, reserved 1048576K
Event: 33.112 GC heap after
Heap after GC invocations=1 (full 0):
 PSYoungGen      total 611840K, used 47539K [0x000000063f700000, 0x000000066a180000, 0x00000008bf600000)
  eden space 524800K, 0% used [0x000000063f700000,0x000000063f700000,0x000000065f780000)
  from space 87040K, 54% used [0x000000065f780000,0x00000006625ecd50,0x0000000664c80000)
  to   space 87040K, 0% used [0x0000000664c80000,0x0000000664c80000,0x000000066a180000)
 ParOldGen       total 1398272K, used 115K [0x000000013f800000, 0x0000000194d80000, 0x000000063f700000)
  object space 1398272K, 0% used [0x000000013f800000,0x000000013f81cc60,0x0000000194d80000)
 Metaspace       used 20841K, capacity 21012K, committed 21296K, reserved 1069056K
  class space    used 2516K, capacity 2572K, committed 2688K, reserved 1048576K
}
Event: 33.112 GC heap before
{Heap before GC invocations=2 (full 1):
 PSYoungGen      total 611840K, used 47539K [0x000000063f700000, 0x000000066a180000, 0x00000008bf600000)
  eden space 524800K, 0% used [0x000000063f700000,0x000000063f700000,0x000000065f780000)
  from space 87040K, 54% used [0x000000065f780000,0x00000006625ecd50,0x0000000664c80000)
  to   space 87040K, 0% used [0x0000000664c80000,0x0000000664c80000,0x000000066a180000)
 ParOldGen       total 1398272K, used 115K [0x000000013f800000, 0x0000000194d80000, 0x000000063f700000)
  object space 1398272K, 0% used [0x000000013f800000,0x000000013f81cc60,0x0000000194d80000)
 Metaspace       used 20841K, capacity 21012K, committed 21296K, reserved 1069056K
  class space    used 2516K, capacity 2572K, committed 2688K, reserved 1048576K
Event: 33.166 GC heap after
Heap after GC invocations=2 (full 1):
 PSYoungGen      total 611840K, used 0K [0x000000063f700000, 0x000000066a180000, 0x00000008bf600000)
  eden space 524800K, 0% used [0x000000063f700000,0x000000063f700000,0x000000065f780000)
  from space 87040K, 0% used [0x000000065f780000,0x000000065f780000,0x0000000664c80000)
  to   space 87040K, 0% used [0x0000000664c80000,0x0000000664c80000,0x000000066a180000)
 ParOldGen       total 562688K, used 37752K [0x000000013f800000, 0x0000000161d80000, 0x000000063f700000)
  object space 562688K, 6% used [0x000000013f800000,0x0000000141cde318,0x0000000161d80000)
 Metaspace       used 20840K, capacity 21010K, committed 21296K, reserved 1069056K
  class space    used 2515K, capacity 2571K, committed 2688K, reserved 1048576K
}

